2022-04-29 09:47:50.391  INFO 18384 --- [restartedMain] com.seonbi.SeonbiApplication             : Starting SeonbiApplication using Java 1.8.0_192 on DESKTOP-KVCQHCD with PID 18384 (C:\Users\multicampus\Desktop\자율플젝\backend\build\classes\java\main started by SSAFY in C:\Users\multicampus\Desktop\자율플젝\backend)
2022-04-29 09:47:50.398  INFO 18384 --- [restartedMain] com.seonbi.SeonbiApplication             : No active profile set, falling back to default profiles: default
2022-04-29 09:47:50.444  INFO 18384 --- [restartedMain] .e.DevToolsPropertyDefaultsPostProcessor : Devtools property defaults active! Set 'spring.devtools.add-properties' to 'false' to disable
2022-04-29 09:47:50.444  INFO 18384 --- [restartedMain] .e.DevToolsPropertyDefaultsPostProcessor : For additional web related logging consider setting the 'logging.level.web' property to 'DEBUG'
2022-04-29 09:47:51.523  INFO 18384 --- [restartedMain] .s.d.r.c.RepositoryConfigurationDelegate : Bootstrapping Spring Data JPA repositories in DEFAULT mode.
2022-04-29 09:47:51.582  INFO 18384 --- [restartedMain] .s.d.r.c.RepositoryConfigurationDelegate : Finished Spring Data repository scanning in 53 ms. Found 2 JPA repository interfaces.
2022-04-29 09:47:51.864  INFO 18384 --- [restartedMain] trationDelegate$BeanPostProcessorChecker : Bean 'org.springframework.security.access.expression.method.DefaultMethodSecurityExpressionHandler@47d51961' of type [org.springframework.security.access.expression.method.DefaultMethodSecurityExpressionHandler] is not eligible for getting processed by all BeanPostProcessors (for example: not eligible for auto-proxying)
2022-04-29 09:47:51.868  INFO 18384 --- [restartedMain] trationDelegate$BeanPostProcessorChecker : Bean 'methodSecurityMetadataSource' of type [org.springframework.security.access.method.DelegatingMethodSecurityMetadataSource] is not eligible for getting processed by all BeanPostProcessors (for example: not eligible for auto-proxying)
2022-04-29 09:47:52.095  INFO 18384 --- [restartedMain] o.s.b.w.embedded.tomcat.TomcatWebServer  : Tomcat initialized with port(s): 8000 (http)
2022-04-29 09:47:52.103  INFO 18384 --- [restartedMain] o.apache.catalina.core.StandardService   : Starting service [Tomcat]
2022-04-29 09:47:52.103  INFO 18384 --- [restartedMain] org.apache.catalina.core.StandardEngine  : Starting Servlet engine: [Apache Tomcat/9.0.46]
2022-04-29 09:47:52.230  INFO 18384 --- [restartedMain] o.a.c.c.C.[Tomcat].[localhost].[/]       : Initializing Spring embedded WebApplicationContext
2022-04-29 09:47:52.231  INFO 18384 --- [restartedMain] w.s.c.ServletWebServerApplicationContext : Root WebApplicationContext: initialization completed in 1785 ms
2022-04-29 09:47:52.458  INFO 18384 --- [restartedMain] o.hibernate.jpa.internal.util.LogHelper  : HHH000204: Processing PersistenceUnitInfo [name: default]
2022-04-29 09:47:52.568  INFO 18384 --- [restartedMain] org.hibernate.Version                    : HHH000412: Hibernate ORM core version 5.4.31.Final
2022-04-29 09:47:52.691  INFO 18384 --- [restartedMain] o.hibernate.annotations.common.Version   : HCANN000001: Hibernate Commons Annotations {5.1.2.Final}
2022-04-29 09:47:52.784  INFO 18384 --- [restartedMain] com.zaxxer.hikari.HikariDataSource       : HikariPool-1 - Starting...
2022-04-29 09:47:53.130  INFO 18384 --- [restartedMain] com.zaxxer.hikari.HikariDataSource       : HikariPool-1 - Start completed.
2022-04-29 09:47:53.146  INFO 18384 --- [restartedMain] org.hibernate.dialect.Dialect            : HHH000400: Using dialect: org.hibernate.dialect.MySQL57Dialect
2022-04-29 09:47:53.756  INFO 18384 --- [restartedMain] o.h.e.t.j.p.i.JtaPlatformInitiator       : HHH000490: Using JtaPlatform implementation: [org.hibernate.engine.transaction.jta.platform.internal.NoJtaPlatform]
2022-04-29 09:47:53.764  INFO 18384 --- [restartedMain] j.LocalContainerEntityManagerFactoryBean : Initialized JPA EntityManagerFactory for persistence unit 'default'
2022-04-29 09:47:53.796  INFO 18384 --- [restartedMain] o.s.b.d.a.OptionalLiveReloadServer       : LiveReload server is running on port 35729
2022-04-29 09:47:53.841  WARN 18384 --- [restartedMain] JpaBaseConfiguration$JpaWebConfiguration : spring.jpa.open-in-view is enabled by default. Therefore, database queries may be performed during view rendering. Explicitly configure spring.jpa.open-in-view to disable this warning
2022-04-29 09:47:54.423 DEBUG 18384 --- [restartedMain] s.w.s.m.m.a.RequestMappingHandlerMapping : 13 mappings in 'requestMappingHandlerMapping'
2022-04-29 09:47:54.510  INFO 18384 --- [restartedMain] o.s.b.a.e.web.EndpointLinksResolver      : Exposing 2 endpoint(s) beneath base path '/actuator'
2022-04-29 09:47:54.594  INFO 18384 --- [restartedMain] .s.s.UserDetailsServiceAutoConfiguration : 

Using generated security password: 2613a03d-7888-4f3a-804e-fcf5a079d7a9

2022-04-29 09:47:54.832  INFO 18384 --- [restartedMain] o.s.s.web.DefaultSecurityFilterChain     : Will secure any request with [org.springframework.security.web.context.request.async.WebAsyncManagerIntegrationFilter@10257b12, org.springframework.security.web.context.SecurityContextPersistenceFilter@4e30e1c0, org.springframework.security.web.header.HeaderWriterFilter@116163c, org.springframework.web.filter.CorsFilter@593d0188, org.springframework.security.web.authentication.logout.LogoutFilter@251a38c4, com.seonbi.auth.JwtAuthenticationFilter@2abecbd2, org.springframework.security.web.savedrequest.RequestCacheAwareFilter@7535e8fa, org.springframework.security.web.servletapi.SecurityContextHolderAwareRequestFilter@7b8e24ad, org.springframework.security.web.authentication.AnonymousAuthenticationFilter@74ccd27e, org.springframework.security.web.session.SessionManagementFilter@7675cbf0, org.springframework.security.web.access.ExceptionTranslationFilter@2c1d64b, org.springframework.security.web.access.intercept.FilterSecurityInterceptor@1936a70f]
2022-04-29 09:47:54.935 DEBUG 18384 --- [restartedMain] s.w.s.m.m.a.RequestMappingHandlerAdapter : ControllerAdvice beans: 0 @ModelAttribute, 0 @InitBinder, 1 RequestBodyAdvice, 1 ResponseBodyAdvice
2022-04-29 09:47:54.966 DEBUG 18384 --- [restartedMain] o.s.w.s.handler.SimpleUrlHandlerMapping  : Patterns [/swagger-ui/] in 'viewControllerHandlerMapping'
2022-04-29 09:47:54.979 DEBUG 18384 --- [restartedMain] o.s.w.s.c.annotation.WebMvcConfigurer    : Default resource handling disabled
2022-04-29 09:47:55.133 DEBUG 18384 --- [restartedMain] o.s.w.s.handler.SimpleUrlHandlerMapping  : Patterns [/swagger-ui/**] in 'resourceHandlerMapping'
2022-04-29 09:47:55.139 DEBUG 18384 --- [restartedMain] .m.m.a.ExceptionHandlerExceptionResolver : ControllerAdvice beans: 0 @ExceptionHandler, 1 ResponseBodyAdvice
2022-04-29 09:47:55.152  WARN 18384 --- [restartedMain] o.s.b.a.m.MustacheAutoConfiguration      : Cannot find template location: classpath:/templates/ (please add some templates, check your Mustache configuration, or set spring.mustache.check-template-location=false)
2022-04-29 09:47:55.307  INFO 18384 --- [restartedMain] o.s.b.w.embedded.tomcat.TomcatWebServer  : Tomcat started on port(s): 8000 (http) with context path ''
2022-04-29 09:47:55.454  INFO 18384 --- [restartedMain] com.seonbi.SeonbiApplication             : Started SeonbiApplication in 5.451 seconds (JVM running for 6.63)
2022-04-29 09:47:56.637  INFO 18384 --- [RMI TCP Connection(3)-172.26.224.1] o.a.c.c.C.[Tomcat].[localhost].[/]       : Initializing Spring DispatcherServlet 'dispatcherServlet'
2022-04-29 09:47:56.638  INFO 18384 --- [RMI TCP Connection(3)-172.26.224.1] o.s.web.servlet.DispatcherServlet        : Initializing Servlet 'dispatcherServlet'
2022-04-29 09:47:56.638 DEBUG 18384 --- [RMI TCP Connection(3)-172.26.224.1] o.s.web.servlet.DispatcherServlet        : Detected StandardServletMultipartResolver
2022-04-29 09:47:56.638 DEBUG 18384 --- [RMI TCP Connection(3)-172.26.224.1] o.s.web.servlet.DispatcherServlet        : Detected AcceptHeaderLocaleResolver
2022-04-29 09:47:56.638 DEBUG 18384 --- [RMI TCP Connection(3)-172.26.224.1] o.s.web.servlet.DispatcherServlet        : Detected FixedThemeResolver
2022-04-29 09:47:56.639 DEBUG 18384 --- [RMI TCP Connection(3)-172.26.224.1] o.s.web.servlet.DispatcherServlet        : Detected org.springframework.web.servlet.view.DefaultRequestToViewNameTranslator@23bd884d
2022-04-29 09:47:56.640 DEBUG 18384 --- [RMI TCP Connection(3)-172.26.224.1] o.s.web.servlet.DispatcherServlet        : Detected org.springframework.web.servlet.support.SessionFlashMapManager@1dec2eba
2022-04-29 09:47:56.640 DEBUG 18384 --- [RMI TCP Connection(3)-172.26.224.1] o.s.web.servlet.DispatcherServlet        : enableLoggingRequestDetails='false': request parameters and headers will be masked to prevent unsafe logging of potentially sensitive data
2022-04-29 09:47:56.640  INFO 18384 --- [RMI TCP Connection(3)-172.26.224.1] o.s.web.servlet.DispatcherServlet        : Completed initialization in 2 ms
2022-04-29 09:50:23.965 DEBUG 18384 --- [http-nio-127.0.0.1-8000-exec-1] o.s.web.servlet.DispatcherServlet        : GET "/api/member/kakao?code=lE0uN9xfekvKHt93pPO_B4saCpchhHepDd__bWaASR96AdXt6-hn413sPV_85hk5ApdaoAopcJ4AAAGAcswjYA", parameters={masked}
2022-04-29 09:50:23.969 DEBUG 18384 --- [http-nio-127.0.0.1-8000-exec-1] s.w.s.m.m.a.RequestMappingHandlerMapping : Mapped to com.seonbi.api.controller.MemberController#kakao(String)
2022-04-29 09:50:24.580 DEBUG 18384 --- [http-nio-127.0.0.1-8000-exec-1] o.s.w.s.m.m.a.HttpEntityMethodProcessor  : Using 'application/json', given [application/json, text/plain, */*] and supported [application/json, application/*+json, application/json, application/*+json]
2022-04-29 09:50:24.580 DEBUG 18384 --- [http-nio-127.0.0.1-8000-exec-1] o.s.w.s.m.m.a.HttpEntityMethodProcessor  : Writing [MemberLoginRes(jwt=eyJ0eXAiOiJKV1QiLCJhbGciOiJIUzUxMiJ9.eyJzdWIiOiJrZWVqajkyOTJAbmF2ZXIuY29tIiwiaXNz (truncated)...]
2022-04-29 09:50:24.592 DEBUG 18384 --- [http-nio-127.0.0.1-8000-exec-1] o.s.web.servlet.DispatcherServlet        : Completed 200 OK
2022-04-29 11:50:24.404 ERROR 18384 --- [http-nio-127.0.0.1-8000-exec-9] o.a.c.c.C.[.[.[/].[dispatcherServlet]    : Servlet.service() for servlet [dispatcherServlet] in context with path [] threw exception

com.auth0.jwt.exceptions.TokenExpiredException: The Token has expired on Thu Apr 28 01:47:27 KST 2022.
	at com.auth0.jwt.JWTVerifier.assertDateIsFuture(JWTVerifier.java:379) ~[java-jwt-3.10.3.jar:3.10.3]
	at com.auth0.jwt.JWTVerifier.assertValidDateClaim(JWTVerifier.java:370) ~[java-jwt-3.10.3.jar:3.10.3]
	at com.auth0.jwt.JWTVerifier.verifyClaims(JWTVerifier.java:295) ~[java-jwt-3.10.3.jar:3.10.3]
	at com.auth0.jwt.JWTVerifier.verify(JWTVerifier.java:278) ~[java-jwt-3.10.3.jar:3.10.3]
	at com.auth0.jwt.JWTVerifier.verify(JWTVerifier.java:261) ~[java-jwt-3.10.3.jar:3.10.3]
	at com.seonbi.util.JwtTokenProvider.handleError(JwtTokenProvider.java:66) ~[main/:na]
	at com.seonbi.auth.JwtAuthenticationFilter.doFilterInternal(JwtAuthenticationFilter.java:58) ~[main/:na]
	at org.springframework.web.filter.OncePerRequestFilter.doFilter(OncePerRequestFilter.java:119) ~[spring-web-5.3.7.jar:5.3.7]
	at org.springframework.security.web.FilterChainProxy$VirtualFilterChain.doFilter(FilterChainProxy.java:336) ~[spring-security-web-5.4.6.jar:5.4.6]
	at org.springframework.security.web.authentication.logout.LogoutFilter.doFilter(LogoutFilter.java:103) ~[spring-security-web-5.4.6.jar:5.4.6]
	at org.springframework.security.web.authentication.logout.LogoutFilter.doFilter(LogoutFilter.java:89) ~[spring-security-web-5.4.6.jar:5.4.6]
	at org.springframework.security.web.FilterChainProxy$VirtualFilterChain.doFilter(FilterChainProxy.java:336) ~[spring-security-web-5.4.6.jar:5.4.6]
	at org.springframework.web.filter.CorsFilter.doFilterInternal(CorsFilter.java:91) ~[spring-web-5.3.7.jar:5.3.7]
	at org.springframework.web.filter.OncePerRequestFilter.doFilter(OncePerRequestFilter.java:119) ~[spring-web-5.3.7.jar:5.3.7]
	at org.springframework.security.web.FilterChainProxy$VirtualFilterChain.doFilter(FilterChainProxy.java:336) ~[spring-security-web-5.4.6.jar:5.4.6]
	at org.springframework.security.web.header.HeaderWriterFilter.doHeadersAfter(HeaderWriterFilter.java:90) ~[spring-security-web-5.4.6.jar:5.4.6]
	at org.springframework.security.web.header.HeaderWriterFilter.doFilterInternal(HeaderWriterFilter.java:75) ~[spring-security-web-5.4.6.jar:5.4.6]
	at org.springframework.web.filter.OncePerRequestFilter.doFilter(OncePerRequestFilter.java:119) ~[spring-web-5.3.7.jar:5.3.7]
	at org.springframework.security.web.FilterChainProxy$VirtualFilterChain.doFilter(FilterChainProxy.java:336) ~[spring-security-web-5.4.6.jar:5.4.6]
	at org.springframework.security.web.context.SecurityContextPersistenceFilter.doFilter(SecurityContextPersistenceFilter.java:110) ~[spring-security-web-5.4.6.jar:5.4.6]
	at org.springframework.security.web.context.SecurityContextPersistenceFilter.doFilter(SecurityContextPersistenceFilter.java:80) ~[spring-security-web-5.4.6.jar:5.4.6]
	at org.springframework.security.web.FilterChainProxy$VirtualFilterChain.doFilter(FilterChainProxy.java:336) ~[spring-security-web-5.4.6.jar:5.4.6]
	at org.springframework.security.web.context.request.async.WebAsyncManagerIntegrationFilter.doFilterInternal(WebAsyncManagerIntegrationFilter.java:55) ~[spring-security-web-5.4.6.jar:5.4.6]
	at org.springframework.web.filter.OncePerRequestFilter.doFilter(OncePerRequestFilter.java:119) ~[spring-web-5.3.7.jar:5.3.7]
	at org.springframework.security.web.FilterChainProxy$VirtualFilterChain.doFilter(FilterChainProxy.java:336) ~[spring-security-web-5.4.6.jar:5.4.6]
	at org.springframework.security.web.FilterChainProxy.doFilterInternal(FilterChainProxy.java:211) ~[spring-security-web-5.4.6.jar:5.4.6]
	at org.springframework.security.web.FilterChainProxy.doFilter(FilterChainProxy.java:183) ~[spring-security-web-5.4.6.jar:5.4.6]
	at org.springframework.web.filter.DelegatingFilterProxy.invokeDelegate(DelegatingFilterProxy.java:358) ~[spring-web-5.3.7.jar:5.3.7]
	at org.springframework.web.filter.DelegatingFilterProxy.doFilter(DelegatingFilterProxy.java:271) ~[spring-web-5.3.7.jar:5.3.7]
	at org.apache.catalina.core.ApplicationFilterChain.internalDoFilter(ApplicationFilterChain.java:189) ~[tomcat-embed-core-9.0.46.jar:9.0.46]
	at org.apache.catalina.core.ApplicationFilterChain.doFilter(ApplicationFilterChain.java:162) ~[tomcat-embed-core-9.0.46.jar:9.0.46]
	at org.springframework.web.filter.RequestContextFilter.doFilterInternal(RequestContextFilter.java:100) ~[spring-web-5.3.7.jar:5.3.7]
	at org.springframework.web.filter.OncePerRequestFilter.doFilter(OncePerRequestFilter.java:119) ~[spring-web-5.3.7.jar:5.3.7]
	at org.apache.catalina.core.ApplicationFilterChain.internalDoFilter(ApplicationFilterChain.java:189) ~[tomcat-embed-core-9.0.46.jar:9.0.46]
	at org.apache.catalina.core.ApplicationFilterChain.doFilter(ApplicationFilterChain.java:162) ~[tomcat-embed-core-9.0.46.jar:9.0.46]
	at org.springframework.web.filter.FormContentFilter.doFilterInternal(FormContentFilter.java:93) ~[spring-web-5.3.7.jar:5.3.7]
	at org.springframework.web.filter.OncePerRequestFilter.doFilter(OncePerRequestFilter.java:119) ~[spring-web-5.3.7.jar:5.3.7]
	at org.apache.catalina.core.ApplicationFilterChain.internalDoFilter(ApplicationFilterChain.java:189) ~[tomcat-embed-core-9.0.46.jar:9.0.46]
	at org.apache.catalina.core.ApplicationFilterChain.doFilter(ApplicationFilterChain.java:162) ~[tomcat-embed-core-9.0.46.jar:9.0.46]
	at org.springframework.boot.actuate.metrics.web.servlet.WebMvcMetricsFilter.doFilterInternal(WebMvcMetricsFilter.java:97) ~[spring-boot-actuator-2.4.6.jar:2.4.6]
	at org.springframework.web.filter.OncePerRequestFilter.doFilter(OncePerRequestFilter.java:119) ~[spring-web-5.3.7.jar:5.3.7]
	at org.apache.catalina.core.ApplicationFilterChain.internalDoFilter(ApplicationFilterChain.java:189) ~[tomcat-embed-core-9.0.46.jar:9.0.46]
	at org.apache.catalina.core.ApplicationFilterChain.doFilter(ApplicationFilterChain.java:162) ~[tomcat-embed-core-9.0.46.jar:9.0.46]
	at org.springframework.web.filter.CharacterEncodingFilter.doFilterInternal(CharacterEncodingFilter.java:201) ~[spring-web-5.3.7.jar:5.3.7]
	at org.springframework.web.filter.OncePerRequestFilter.doFilter(OncePerRequestFilter.java:119) ~[spring-web-5.3.7.jar:5.3.7]
	at org.apache.catalina.core.ApplicationFilterChain.internalDoFilter(ApplicationFilterChain.java:189) ~[tomcat-embed-core-9.0.46.jar:9.0.46]
	at org.apache.catalina.core.ApplicationFilterChain.doFilter(ApplicationFilterChain.java:162) ~[tomcat-embed-core-9.0.46.jar:9.0.46]
	at org.apache.catalina.core.StandardWrapperValve.invoke(StandardWrapperValve.java:202) ~[tomcat-embed-core-9.0.46.jar:9.0.46]
	at org.apache.catalina.core.StandardContextValve.invoke(StandardContextValve.java:97) [tomcat-embed-core-9.0.46.jar:9.0.46]
	at org.apache.catalina.authenticator.AuthenticatorBase.invoke(AuthenticatorBase.java:542) [tomcat-embed-core-9.0.46.jar:9.0.46]
	at org.apache.catalina.core.StandardHostValve.invoke(StandardHostValve.java:143) [tomcat-embed-core-9.0.46.jar:9.0.46]
	at org.apache.catalina.valves.ErrorReportValve.invoke(ErrorReportValve.java:92) [tomcat-embed-core-9.0.46.jar:9.0.46]
	at org.apache.catalina.core.StandardEngineValve.invoke(StandardEngineValve.java:78) [tomcat-embed-core-9.0.46.jar:9.0.46]
	at org.apache.catalina.connector.CoyoteAdapter.service(CoyoteAdapter.java:357) [tomcat-embed-core-9.0.46.jar:9.0.46]
	at org.apache.coyote.http11.Http11Processor.service(Http11Processor.java:374) [tomcat-embed-core-9.0.46.jar:9.0.46]
	at org.apache.coyote.AbstractProcessorLight.process(AbstractProcessorLight.java:65) [tomcat-embed-core-9.0.46.jar:9.0.46]
	at org.apache.coyote.AbstractProtocol$ConnectionHandler.process(AbstractProtocol.java:893) [tomcat-embed-core-9.0.46.jar:9.0.46]
	at org.apache.tomcat.util.net.NioEndpoint$SocketProcessor.doRun(NioEndpoint.java:1707) [tomcat-embed-core-9.0.46.jar:9.0.46]
	at org.apache.tomcat.util.net.SocketProcessorBase.run(SocketProcessorBase.java:49) [tomcat-embed-core-9.0.46.jar:9.0.46]
	at java.util.concurrent.ThreadPoolExecutor.runWorker(ThreadPoolExecutor.java:1149) [na:1.8.0_192]
	at java.util.concurrent.ThreadPoolExecutor$Worker.run(ThreadPoolExecutor.java:624) [na:1.8.0_192]
	at org.apache.tomcat.util.threads.TaskThread$WrappingRunnable.run(TaskThread.java:61) [tomcat-embed-core-9.0.46.jar:9.0.46]
	at java.lang.Thread.run(Thread.java:748) [na:1.8.0_192]

2022-04-29 11:50:24.412 DEBUG 18384 --- [http-nio-127.0.0.1-8000-exec-9] o.s.web.servlet.DispatcherServlet        : "ERROR" dispatch for GET "/error", parameters={}
2022-04-29 11:50:24.418 DEBUG 18384 --- [http-nio-127.0.0.1-8000-exec-9] s.w.s.m.m.a.RequestMappingHandlerMapping : Mapped to org.springframework.boot.autoconfigure.web.servlet.error.BasicErrorController#error(HttpServletRequest)
2022-04-29 11:50:24.435 DEBUG 18384 --- [http-nio-127.0.0.1-8000-exec-9] o.s.w.s.m.m.a.HttpEntityMethodProcessor  : Using 'application/json', given [*/*] and supported [application/json, application/*+json, application/json, application/*+json]
2022-04-29 11:50:24.436 DEBUG 18384 --- [http-nio-127.0.0.1-8000-exec-9] o.s.w.s.m.m.a.HttpEntityMethodProcessor  : Writing [{timestamp=Fri Apr 29 11:50:24 KST 2022, status=500, error=Internal Server Error, trace=com.auth0.jw (truncated)...]
2022-04-29 11:50:24.442 DEBUG 18384 --- [http-nio-127.0.0.1-8000-exec-9] o.s.web.servlet.DispatcherServlet        : Exiting from "ERROR" dispatch, status 500
2022-04-29 15:51:48.472 ERROR 18384 --- [http-nio-127.0.0.1-8000-exec-10] o.a.c.c.C.[.[.[/].[dispatcherServlet]    : Servlet.service() for servlet [dispatcherServlet] in context with path [] threw exception

com.auth0.jwt.exceptions.TokenExpiredException: The Token has expired on Thu Apr 28 01:47:27 KST 2022.
	at com.auth0.jwt.JWTVerifier.assertDateIsFuture(JWTVerifier.java:379) ~[java-jwt-3.10.3.jar:3.10.3]
	at com.auth0.jwt.JWTVerifier.assertValidDateClaim(JWTVerifier.java:370) ~[java-jwt-3.10.3.jar:3.10.3]
	at com.auth0.jwt.JWTVerifier.verifyClaims(JWTVerifier.java:295) ~[java-jwt-3.10.3.jar:3.10.3]
	at com.auth0.jwt.JWTVerifier.verify(JWTVerifier.java:278) ~[java-jwt-3.10.3.jar:3.10.3]
	at com.auth0.jwt.JWTVerifier.verify(JWTVerifier.java:261) ~[java-jwt-3.10.3.jar:3.10.3]
	at com.seonbi.util.JwtTokenProvider.handleError(JwtTokenProvider.java:66) ~[main/:na]
	at com.seonbi.auth.JwtAuthenticationFilter.doFilterInternal(JwtAuthenticationFilter.java:58) ~[main/:na]
	at org.springframework.web.filter.OncePerRequestFilter.doFilter(OncePerRequestFilter.java:119) ~[spring-web-5.3.7.jar:5.3.7]
	at org.springframework.security.web.FilterChainProxy$VirtualFilterChain.doFilter(FilterChainProxy.java:336) ~[spring-security-web-5.4.6.jar:5.4.6]
	at org.springframework.security.web.authentication.logout.LogoutFilter.doFilter(LogoutFilter.java:103) ~[spring-security-web-5.4.6.jar:5.4.6]
	at org.springframework.security.web.authentication.logout.LogoutFilter.doFilter(LogoutFilter.java:89) ~[spring-security-web-5.4.6.jar:5.4.6]
	at org.springframework.security.web.FilterChainProxy$VirtualFilterChain.doFilter(FilterChainProxy.java:336) ~[spring-security-web-5.4.6.jar:5.4.6]
	at org.springframework.web.filter.CorsFilter.doFilterInternal(CorsFilter.java:91) ~[spring-web-5.3.7.jar:5.3.7]
	at org.springframework.web.filter.OncePerRequestFilter.doFilter(OncePerRequestFilter.java:119) ~[spring-web-5.3.7.jar:5.3.7]
	at org.springframework.security.web.FilterChainProxy$VirtualFilterChain.doFilter(FilterChainProxy.java:336) ~[spring-security-web-5.4.6.jar:5.4.6]
	at org.springframework.security.web.header.HeaderWriterFilter.doHeadersAfter(HeaderWriterFilter.java:90) ~[spring-security-web-5.4.6.jar:5.4.6]
	at org.springframework.security.web.header.HeaderWriterFilter.doFilterInternal(HeaderWriterFilter.java:75) ~[spring-security-web-5.4.6.jar:5.4.6]
	at org.springframework.web.filter.OncePerRequestFilter.doFilter(OncePerRequestFilter.java:119) ~[spring-web-5.3.7.jar:5.3.7]
	at org.springframework.security.web.FilterChainProxy$VirtualFilterChain.doFilter(FilterChainProxy.java:336) ~[spring-security-web-5.4.6.jar:5.4.6]
	at org.springframework.security.web.context.SecurityContextPersistenceFilter.doFilter(SecurityContextPersistenceFilter.java:110) ~[spring-security-web-5.4.6.jar:5.4.6]
	at org.springframework.security.web.context.SecurityContextPersistenceFilter.doFilter(SecurityContextPersistenceFilter.java:80) ~[spring-security-web-5.4.6.jar:5.4.6]
	at org.springframework.security.web.FilterChainProxy$VirtualFilterChain.doFilter(FilterChainProxy.java:336) ~[spring-security-web-5.4.6.jar:5.4.6]
	at org.springframework.security.web.context.request.async.WebAsyncManagerIntegrationFilter.doFilterInternal(WebAsyncManagerIntegrationFilter.java:55) ~[spring-security-web-5.4.6.jar:5.4.6]
	at org.springframework.web.filter.OncePerRequestFilter.doFilter(OncePerRequestFilter.java:119) ~[spring-web-5.3.7.jar:5.3.7]
	at org.springframework.security.web.FilterChainProxy$VirtualFilterChain.doFilter(FilterChainProxy.java:336) ~[spring-security-web-5.4.6.jar:5.4.6]
	at org.springframework.security.web.FilterChainProxy.doFilterInternal(FilterChainProxy.java:211) ~[spring-security-web-5.4.6.jar:5.4.6]
	at org.springframework.security.web.FilterChainProxy.doFilter(FilterChainProxy.java:183) ~[spring-security-web-5.4.6.jar:5.4.6]
	at org.springframework.web.filter.DelegatingFilterProxy.invokeDelegate(DelegatingFilterProxy.java:358) ~[spring-web-5.3.7.jar:5.3.7]
	at org.springframework.web.filter.DelegatingFilterProxy.doFilter(DelegatingFilterProxy.java:271) ~[spring-web-5.3.7.jar:5.3.7]
	at org.apache.catalina.core.ApplicationFilterChain.internalDoFilter(ApplicationFilterChain.java:189) ~[tomcat-embed-core-9.0.46.jar:9.0.46]
	at org.apache.catalina.core.ApplicationFilterChain.doFilter(ApplicationFilterChain.java:162) ~[tomcat-embed-core-9.0.46.jar:9.0.46]
	at org.springframework.web.filter.RequestContextFilter.doFilterInternal(RequestContextFilter.java:100) ~[spring-web-5.3.7.jar:5.3.7]
	at org.springframework.web.filter.OncePerRequestFilter.doFilter(OncePerRequestFilter.java:119) ~[spring-web-5.3.7.jar:5.3.7]
	at org.apache.catalina.core.ApplicationFilterChain.internalDoFilter(ApplicationFilterChain.java:189) ~[tomcat-embed-core-9.0.46.jar:9.0.46]
	at org.apache.catalina.core.ApplicationFilterChain.doFilter(ApplicationFilterChain.java:162) ~[tomcat-embed-core-9.0.46.jar:9.0.46]
	at org.springframework.web.filter.FormContentFilter.doFilterInternal(FormContentFilter.java:93) ~[spring-web-5.3.7.jar:5.3.7]
	at org.springframework.web.filter.OncePerRequestFilter.doFilter(OncePerRequestFilter.java:119) ~[spring-web-5.3.7.jar:5.3.7]
	at org.apache.catalina.core.ApplicationFilterChain.internalDoFilter(ApplicationFilterChain.java:189) ~[tomcat-embed-core-9.0.46.jar:9.0.46]
	at org.apache.catalina.core.ApplicationFilterChain.doFilter(ApplicationFilterChain.java:162) ~[tomcat-embed-core-9.0.46.jar:9.0.46]
	at org.springframework.boot.actuate.metrics.web.servlet.WebMvcMetricsFilter.doFilterInternal(WebMvcMetricsFilter.java:97) ~[spring-boot-actuator-2.4.6.jar:2.4.6]
	at org.springframework.web.filter.OncePerRequestFilter.doFilter(OncePerRequestFilter.java:119) ~[spring-web-5.3.7.jar:5.3.7]
	at org.apache.catalina.core.ApplicationFilterChain.internalDoFilter(ApplicationFilterChain.java:189) ~[tomcat-embed-core-9.0.46.jar:9.0.46]
	at org.apache.catalina.core.ApplicationFilterChain.doFilter(ApplicationFilterChain.java:162) ~[tomcat-embed-core-9.0.46.jar:9.0.46]
	at org.springframework.web.filter.CharacterEncodingFilter.doFilterInternal(CharacterEncodingFilter.java:201) ~[spring-web-5.3.7.jar:5.3.7]
	at org.springframework.web.filter.OncePerRequestFilter.doFilter(OncePerRequestFilter.java:119) ~[spring-web-5.3.7.jar:5.3.7]
	at org.apache.catalina.core.ApplicationFilterChain.internalDoFilter(ApplicationFilterChain.java:189) ~[tomcat-embed-core-9.0.46.jar:9.0.46]
	at org.apache.catalina.core.ApplicationFilterChain.doFilter(ApplicationFilterChain.java:162) ~[tomcat-embed-core-9.0.46.jar:9.0.46]
	at org.apache.catalina.core.StandardWrapperValve.invoke(StandardWrapperValve.java:202) ~[tomcat-embed-core-9.0.46.jar:9.0.46]
	at org.apache.catalina.core.StandardContextValve.invoke(StandardContextValve.java:97) [tomcat-embed-core-9.0.46.jar:9.0.46]
	at org.apache.catalina.authenticator.AuthenticatorBase.invoke(AuthenticatorBase.java:542) [tomcat-embed-core-9.0.46.jar:9.0.46]
	at org.apache.catalina.core.StandardHostValve.invoke(StandardHostValve.java:143) [tomcat-embed-core-9.0.46.jar:9.0.46]
	at org.apache.catalina.valves.ErrorReportValve.invoke(ErrorReportValve.java:92) [tomcat-embed-core-9.0.46.jar:9.0.46]
	at org.apache.catalina.core.StandardEngineValve.invoke(StandardEngineValve.java:78) [tomcat-embed-core-9.0.46.jar:9.0.46]
	at org.apache.catalina.connector.CoyoteAdapter.service(CoyoteAdapter.java:357) [tomcat-embed-core-9.0.46.jar:9.0.46]
	at org.apache.coyote.http11.Http11Processor.service(Http11Processor.java:374) [tomcat-embed-core-9.0.46.jar:9.0.46]
	at org.apache.coyote.AbstractProcessorLight.process(AbstractProcessorLight.java:65) [tomcat-embed-core-9.0.46.jar:9.0.46]
	at org.apache.coyote.AbstractProtocol$ConnectionHandler.process(AbstractProtocol.java:893) [tomcat-embed-core-9.0.46.jar:9.0.46]
	at org.apache.tomcat.util.net.NioEndpoint$SocketProcessor.doRun(NioEndpoint.java:1707) [tomcat-embed-core-9.0.46.jar:9.0.46]
	at org.apache.tomcat.util.net.SocketProcessorBase.run(SocketProcessorBase.java:49) [tomcat-embed-core-9.0.46.jar:9.0.46]
	at java.util.concurrent.ThreadPoolExecutor.runWorker(ThreadPoolExecutor.java:1149) [na:1.8.0_192]
	at java.util.concurrent.ThreadPoolExecutor$Worker.run(ThreadPoolExecutor.java:624) [na:1.8.0_192]
	at org.apache.tomcat.util.threads.TaskThread$WrappingRunnable.run(TaskThread.java:61) [tomcat-embed-core-9.0.46.jar:9.0.46]
	at java.lang.Thread.run(Thread.java:748) [na:1.8.0_192]

2022-04-29 15:51:48.479 DEBUG 18384 --- [http-nio-127.0.0.1-8000-exec-10] o.s.web.servlet.DispatcherServlet        : "ERROR" dispatch for GET "/error", parameters={}
2022-04-29 15:51:48.481 DEBUG 18384 --- [http-nio-127.0.0.1-8000-exec-10] s.w.s.m.m.a.RequestMappingHandlerMapping : Mapped to org.springframework.boot.autoconfigure.web.servlet.error.BasicErrorController#error(HttpServletRequest)
2022-04-29 15:51:48.487 DEBUG 18384 --- [http-nio-127.0.0.1-8000-exec-10] o.s.w.s.m.m.a.HttpEntityMethodProcessor  : Using 'application/json', given [*/*] and supported [application/json, application/*+json, application/json, application/*+json]
2022-04-29 15:51:48.488 DEBUG 18384 --- [http-nio-127.0.0.1-8000-exec-10] o.s.w.s.m.m.a.HttpEntityMethodProcessor  : Writing [{timestamp=Fri Apr 29 15:51:48 KST 2022, status=500, error=Internal Server Error, trace=com.auth0.jw (truncated)...]
2022-04-29 15:51:48.491 DEBUG 18384 --- [http-nio-127.0.0.1-8000-exec-10] o.s.web.servlet.DispatcherServlet        : Exiting from "ERROR" dispatch, status 500
2022-04-29 15:51:56.872 ERROR 18384 --- [http-nio-127.0.0.1-8000-exec-6] o.a.c.c.C.[.[.[/].[dispatcherServlet]    : Servlet.service() for servlet [dispatcherServlet] in context with path [] threw exception

com.auth0.jwt.exceptions.TokenExpiredException: The Token has expired on Thu Apr 28 01:47:27 KST 2022.
	at com.auth0.jwt.JWTVerifier.assertDateIsFuture(JWTVerifier.java:379) ~[java-jwt-3.10.3.jar:3.10.3]
	at com.auth0.jwt.JWTVerifier.assertValidDateClaim(JWTVerifier.java:370) ~[java-jwt-3.10.3.jar:3.10.3]
	at com.auth0.jwt.JWTVerifier.verifyClaims(JWTVerifier.java:295) ~[java-jwt-3.10.3.jar:3.10.3]
	at com.auth0.jwt.JWTVerifier.verify(JWTVerifier.java:278) ~[java-jwt-3.10.3.jar:3.10.3]
	at com.auth0.jwt.JWTVerifier.verify(JWTVerifier.java:261) ~[java-jwt-3.10.3.jar:3.10.3]
	at com.seonbi.util.JwtTokenProvider.handleError(JwtTokenProvider.java:66) ~[main/:na]
	at com.seonbi.auth.JwtAuthenticationFilter.doFilterInternal(JwtAuthenticationFilter.java:58) ~[main/:na]
	at org.springframework.web.filter.OncePerRequestFilter.doFilter(OncePerRequestFilter.java:119) ~[spring-web-5.3.7.jar:5.3.7]
	at org.springframework.security.web.FilterChainProxy$VirtualFilterChain.doFilter(FilterChainProxy.java:336) ~[spring-security-web-5.4.6.jar:5.4.6]
	at org.springframework.security.web.authentication.logout.LogoutFilter.doFilter(LogoutFilter.java:103) ~[spring-security-web-5.4.6.jar:5.4.6]
	at org.springframework.security.web.authentication.logout.LogoutFilter.doFilter(LogoutFilter.java:89) ~[spring-security-web-5.4.6.jar:5.4.6]
	at org.springframework.security.web.FilterChainProxy$VirtualFilterChain.doFilter(FilterChainProxy.java:336) ~[spring-security-web-5.4.6.jar:5.4.6]
	at org.springframework.web.filter.CorsFilter.doFilterInternal(CorsFilter.java:91) ~[spring-web-5.3.7.jar:5.3.7]
	at org.springframework.web.filter.OncePerRequestFilter.doFilter(OncePerRequestFilter.java:119) ~[spring-web-5.3.7.jar:5.3.7]
	at org.springframework.security.web.FilterChainProxy$VirtualFilterChain.doFilter(FilterChainProxy.java:336) ~[spring-security-web-5.4.6.jar:5.4.6]
	at org.springframework.security.web.header.HeaderWriterFilter.doHeadersAfter(HeaderWriterFilter.java:90) ~[spring-security-web-5.4.6.jar:5.4.6]
	at org.springframework.security.web.header.HeaderWriterFilter.doFilterInternal(HeaderWriterFilter.java:75) ~[spring-security-web-5.4.6.jar:5.4.6]
	at org.springframework.web.filter.OncePerRequestFilter.doFilter(OncePerRequestFilter.java:119) ~[spring-web-5.3.7.jar:5.3.7]
	at org.springframework.security.web.FilterChainProxy$VirtualFilterChain.doFilter(FilterChainProxy.java:336) ~[spring-security-web-5.4.6.jar:5.4.6]
	at org.springframework.security.web.context.SecurityContextPersistenceFilter.doFilter(SecurityContextPersistenceFilter.java:110) ~[spring-security-web-5.4.6.jar:5.4.6]
	at org.springframework.security.web.context.SecurityContextPersistenceFilter.doFilter(SecurityContextPersistenceFilter.java:80) ~[spring-security-web-5.4.6.jar:5.4.6]
	at org.springframework.security.web.FilterChainProxy$VirtualFilterChain.doFilter(FilterChainProxy.java:336) ~[spring-security-web-5.4.6.jar:5.4.6]
	at org.springframework.security.web.context.request.async.WebAsyncManagerIntegrationFilter.doFilterInternal(WebAsyncManagerIntegrationFilter.java:55) ~[spring-security-web-5.4.6.jar:5.4.6]
	at org.springframework.web.filter.OncePerRequestFilter.doFilter(OncePerRequestFilter.java:119) ~[spring-web-5.3.7.jar:5.3.7]
	at org.springframework.security.web.FilterChainProxy$VirtualFilterChain.doFilter(FilterChainProxy.java:336) ~[spring-security-web-5.4.6.jar:5.4.6]
	at org.springframework.security.web.FilterChainProxy.doFilterInternal(FilterChainProxy.java:211) ~[spring-security-web-5.4.6.jar:5.4.6]
	at org.springframework.security.web.FilterChainProxy.doFilter(FilterChainProxy.java:183) ~[spring-security-web-5.4.6.jar:5.4.6]
	at org.springframework.web.filter.DelegatingFilterProxy.invokeDelegate(DelegatingFilterProxy.java:358) ~[spring-web-5.3.7.jar:5.3.7]
	at org.springframework.web.filter.DelegatingFilterProxy.doFilter(DelegatingFilterProxy.java:271) ~[spring-web-5.3.7.jar:5.3.7]
	at org.apache.catalina.core.ApplicationFilterChain.internalDoFilter(ApplicationFilterChain.java:189) ~[tomcat-embed-core-9.0.46.jar:9.0.46]
	at org.apache.catalina.core.ApplicationFilterChain.doFilter(ApplicationFilterChain.java:162) ~[tomcat-embed-core-9.0.46.jar:9.0.46]
	at org.springframework.web.filter.RequestContextFilter.doFilterInternal(RequestContextFilter.java:100) ~[spring-web-5.3.7.jar:5.3.7]
	at org.springframework.web.filter.OncePerRequestFilter.doFilter(OncePerRequestFilter.java:119) ~[spring-web-5.3.7.jar:5.3.7]
	at org.apache.catalina.core.ApplicationFilterChain.internalDoFilter(ApplicationFilterChain.java:189) ~[tomcat-embed-core-9.0.46.jar:9.0.46]
	at org.apache.catalina.core.ApplicationFilterChain.doFilter(ApplicationFilterChain.java:162) ~[tomcat-embed-core-9.0.46.jar:9.0.46]
	at org.springframework.web.filter.FormContentFilter.doFilterInternal(FormContentFilter.java:93) ~[spring-web-5.3.7.jar:5.3.7]
	at org.springframework.web.filter.OncePerRequestFilter.doFilter(OncePerRequestFilter.java:119) ~[spring-web-5.3.7.jar:5.3.7]
	at org.apache.catalina.core.ApplicationFilterChain.internalDoFilter(ApplicationFilterChain.java:189) ~[tomcat-embed-core-9.0.46.jar:9.0.46]
	at org.apache.catalina.core.ApplicationFilterChain.doFilter(ApplicationFilterChain.java:162) ~[tomcat-embed-core-9.0.46.jar:9.0.46]
	at org.springframework.boot.actuate.metrics.web.servlet.WebMvcMetricsFilter.doFilterInternal(WebMvcMetricsFilter.java:97) ~[spring-boot-actuator-2.4.6.jar:2.4.6]
	at org.springframework.web.filter.OncePerRequestFilter.doFilter(OncePerRequestFilter.java:119) ~[spring-web-5.3.7.jar:5.3.7]
	at org.apache.catalina.core.ApplicationFilterChain.internalDoFilter(ApplicationFilterChain.java:189) ~[tomcat-embed-core-9.0.46.jar:9.0.46]
	at org.apache.catalina.core.ApplicationFilterChain.doFilter(ApplicationFilterChain.java:162) ~[tomcat-embed-core-9.0.46.jar:9.0.46]
	at org.springframework.web.filter.CharacterEncodingFilter.doFilterInternal(CharacterEncodingFilter.java:201) ~[spring-web-5.3.7.jar:5.3.7]
	at org.springframework.web.filter.OncePerRequestFilter.doFilter(OncePerRequestFilter.java:119) ~[spring-web-5.3.7.jar:5.3.7]
	at org.apache.catalina.core.ApplicationFilterChain.internalDoFilter(ApplicationFilterChain.java:189) ~[tomcat-embed-core-9.0.46.jar:9.0.46]
	at org.apache.catalina.core.ApplicationFilterChain.doFilter(ApplicationFilterChain.java:162) ~[tomcat-embed-core-9.0.46.jar:9.0.46]
	at org.apache.catalina.core.StandardWrapperValve.invoke(StandardWrapperValve.java:202) ~[tomcat-embed-core-9.0.46.jar:9.0.46]
	at org.apache.catalina.core.StandardContextValve.invoke(StandardContextValve.java:97) [tomcat-embed-core-9.0.46.jar:9.0.46]
	at org.apache.catalina.authenticator.AuthenticatorBase.invoke(AuthenticatorBase.java:542) [tomcat-embed-core-9.0.46.jar:9.0.46]
	at org.apache.catalina.core.StandardHostValve.invoke(StandardHostValve.java:143) [tomcat-embed-core-9.0.46.jar:9.0.46]
	at org.apache.catalina.valves.ErrorReportValve.invoke(ErrorReportValve.java:92) [tomcat-embed-core-9.0.46.jar:9.0.46]
	at org.apache.catalina.core.StandardEngineValve.invoke(StandardEngineValve.java:78) [tomcat-embed-core-9.0.46.jar:9.0.46]
	at org.apache.catalina.connector.CoyoteAdapter.service(CoyoteAdapter.java:357) [tomcat-embed-core-9.0.46.jar:9.0.46]
	at org.apache.coyote.http11.Http11Processor.service(Http11Processor.java:374) [tomcat-embed-core-9.0.46.jar:9.0.46]
	at org.apache.coyote.AbstractProcessorLight.process(AbstractProcessorLight.java:65) [tomcat-embed-core-9.0.46.jar:9.0.46]
	at org.apache.coyote.AbstractProtocol$ConnectionHandler.process(AbstractProtocol.java:893) [tomcat-embed-core-9.0.46.jar:9.0.46]
	at org.apache.tomcat.util.net.NioEndpoint$SocketProcessor.doRun(NioEndpoint.java:1707) [tomcat-embed-core-9.0.46.jar:9.0.46]
	at org.apache.tomcat.util.net.SocketProcessorBase.run(SocketProcessorBase.java:49) [tomcat-embed-core-9.0.46.jar:9.0.46]
	at java.util.concurrent.ThreadPoolExecutor.runWorker(ThreadPoolExecutor.java:1149) [na:1.8.0_192]
	at java.util.concurrent.ThreadPoolExecutor$Worker.run(ThreadPoolExecutor.java:624) [na:1.8.0_192]
	at org.apache.tomcat.util.threads.TaskThread$WrappingRunnable.run(TaskThread.java:61) [tomcat-embed-core-9.0.46.jar:9.0.46]
	at java.lang.Thread.run(Thread.java:748) [na:1.8.0_192]

2022-04-29 15:51:56.874 DEBUG 18384 --- [http-nio-127.0.0.1-8000-exec-6] o.s.web.servlet.DispatcherServlet        : "ERROR" dispatch for POST "/error", parameters={}
2022-04-29 15:51:56.875 DEBUG 18384 --- [http-nio-127.0.0.1-8000-exec-6] s.w.s.m.m.a.RequestMappingHandlerMapping : Mapped to org.springframework.boot.autoconfigure.web.servlet.error.BasicErrorController#error(HttpServletRequest)
2022-04-29 15:51:56.877 DEBUG 18384 --- [http-nio-127.0.0.1-8000-exec-6] o.s.w.s.m.m.a.HttpEntityMethodProcessor  : Using 'application/json', given [*/*] and supported [application/json, application/*+json, application/json, application/*+json]
2022-04-29 15:51:56.877 DEBUG 18384 --- [http-nio-127.0.0.1-8000-exec-6] o.s.w.s.m.m.a.HttpEntityMethodProcessor  : Writing [{timestamp=Fri Apr 29 15:51:56 KST 2022, status=500, error=Internal Server Error, trace=com.auth0.jw (truncated)...]
2022-04-29 15:51:56.882 DEBUG 18384 --- [http-nio-127.0.0.1-8000-exec-6] o.s.web.servlet.DispatcherServlet        : Exiting from "ERROR" dispatch, status 500
2022-04-29 15:56:42.268 DEBUG 18384 --- [http-nio-127.0.0.1-8000-exec-7] o.s.web.servlet.DispatcherServlet        : POST "/api/member/login", parameters={}
2022-04-29 15:56:42.270 DEBUG 18384 --- [http-nio-127.0.0.1-8000-exec-7] s.w.s.m.m.a.RequestMappingHandlerMapping : Mapped to com.seonbi.api.controller.MemberController#login(MemberLoginReq)
2022-04-29 15:56:42.318 DEBUG 18384 --- [http-nio-127.0.0.1-8000-exec-7] m.m.a.RequestResponseBodyMethodProcessor : Read "application/json;charset=UTF-8" to [com.seonbi.api.request.MemberLoginReq@6d710792]
2022-04-29 15:56:42.440 DEBUG 18384 --- [http-nio-127.0.0.1-8000-exec-7] o.s.w.s.m.m.a.HttpEntityMethodProcessor  : Using 'application/json', given [*/*] and supported [application/json, application/*+json, application/json, application/*+json]
2022-04-29 15:56:42.440 DEBUG 18384 --- [http-nio-127.0.0.1-8000-exec-7] o.s.w.s.m.m.a.HttpEntityMethodProcessor  : Writing [MemberLoginRes(jwt=eyJ0eXAiOiJKV1QiLCJhbGciOiJIUzUxMiJ9.eyJzdWIiOiJ0ZXN0MUB0ZXN0LmNvbSIsImlzcyI6InNl (truncated)...]
2022-04-29 15:56:42.441 DEBUG 18384 --- [http-nio-127.0.0.1-8000-exec-7] o.s.web.servlet.DispatcherServlet        : Completed 200 OK
2022-04-29 15:57:27.139 DEBUG 18384 --- [http-nio-127.0.0.1-8000-exec-8] o.s.web.servlet.DispatcherServlet        : GET "/api/member/login", parameters={}
2022-04-29 15:57:27.140 DEBUG 18384 --- [http-nio-127.0.0.1-8000-exec-8] s.w.s.m.m.a.RequestMappingHandlerMapping : Mapped to com.seonbi.api.controller.MemberController#getMemberByMemberId(Long)
2022-04-29 15:57:27.146 DEBUG 18384 --- [http-nio-127.0.0.1-8000-exec-8] o.s.web.method.HandlerMethod             : Could not resolve parameter [0] in public org.springframework.http.ResponseEntity<? extends com.seonbi.api.response.BaseResponseBody> com.seonbi.api.controller.MemberController.getMemberByMemberId(java.lang.Long): Failed to convert value of type 'java.lang.String' to required type 'java.lang.Long'; nested exception is java.lang.NumberFormatException: For input string: "login"
2022-04-29 15:57:27.152  WARN 18384 --- [http-nio-127.0.0.1-8000-exec-8] .w.s.m.s.DefaultHandlerExceptionResolver : Resolved [org.springframework.web.method.annotation.MethodArgumentTypeMismatchException: Failed to convert value of type 'java.lang.String' to required type 'java.lang.Long'; nested exception is java.lang.NumberFormatException: For input string: "login"]
2022-04-29 15:57:27.153 DEBUG 18384 --- [http-nio-127.0.0.1-8000-exec-8] o.s.web.servlet.DispatcherServlet        : Completed 400 BAD_REQUEST
2022-04-29 15:57:27.153 DEBUG 18384 --- [http-nio-127.0.0.1-8000-exec-8] o.s.web.servlet.DispatcherServlet        : "ERROR" dispatch for GET "/error", parameters={}
2022-04-29 15:57:27.154 DEBUG 18384 --- [http-nio-127.0.0.1-8000-exec-8] s.w.s.m.m.a.RequestMappingHandlerMapping : Mapped to org.springframework.boot.autoconfigure.web.servlet.error.BasicErrorController#error(HttpServletRequest)
2022-04-29 15:57:27.156 DEBUG 18384 --- [http-nio-127.0.0.1-8000-exec-8] o.s.w.s.m.m.a.HttpEntityMethodProcessor  : Using 'application/json', given [*/*] and supported [application/json, application/*+json, application/json, application/*+json]
2022-04-29 15:57:27.156 DEBUG 18384 --- [http-nio-127.0.0.1-8000-exec-8] o.s.w.s.m.m.a.HttpEntityMethodProcessor  : Writing [{timestamp=Fri Apr 29 15:57:27 KST 2022, status=400, error=Bad Request, trace=org.springframework.we (truncated)...]
2022-04-29 15:57:27.158 DEBUG 18384 --- [http-nio-127.0.0.1-8000-exec-8] o.s.web.servlet.DispatcherServlet        : Exiting from "ERROR" dispatch, status 400
